<?xml version="1.0" encoding="UTF-8"?>
<testng-results skipped="0" failed="0" ignored="0" total="20" passed="20">
  <reporter-output>
  </reporter-output>
  <suite name="book-flight-module" duration-ms="52963" started-at="2020-05-23T10:10:14Z" finished-at="2020-05-23T10:11:07Z">
    <groups>
    </groups>
    <test name="book-flight-1" duration-ms="11899" started-at="2020-05-23T10:10:14Z" finished-at="2020-05-23T10:10:26Z">
      <class name="com.newtours.tests.BookFlightTest">
        <test-method status="PASS" signature="setupDriver(org.testng.ITestContext)[pri:0, instance:com.newtours.tests.BookFlightTest@68c4039c]" name="setupDriver" is-config="true" duration-ms="3053" started-at="2020-05-23T10:10:14Z" finished-at="2020-05-23T10:10:17Z">
          <params>
            <param index="0">
              <value>
                <![CDATA[org.testng.TestRunner@1cefc4b3]]>
              </value>
            </param>
          </params>
          <reporter-output>
          </reporter-output>
        </test-method> <!-- setupDriver -->
        <test-method status="PASS" signature="setupParameters(java.lang.String, java.lang.String)[pri:0, instance:com.newtours.tests.BookFlightTest@68c4039c]" name="setupParameters" is-config="true" duration-ms="2" started-at="2020-05-23T10:10:17Z" depends-on-methods="com.tests.BaseTest.setupDriver" finished-at="2020-05-23T10:10:17Z">
          <params>
            <param index="0">
              <value>
                <![CDATA[1]]>
              </value>
            </param>
            <param index="1">
              <value>
                <![CDATA[$584 USD]]>
              </value>
            </param>
          </params>
          <reporter-output>
          </reporter-output>
        </test-method> <!-- setupParameters -->
        <test-method status="PASS" signature="registrationPage()[pri:0, instance:com.newtours.tests.BookFlightTest@68c4039c]" name="registrationPage" duration-ms="3367" started-at="2020-05-23T10:10:17Z" finished-at="2020-05-23T10:10:21Z">
          <reporter-output>
          </reporter-output>
        </test-method> <!-- registrationPage -->
        <test-method status="PASS" signature="registrationConfirmationPage()[pri:0, instance:com.newtours.tests.BookFlightTest@68c4039c]" name="registrationConfirmationPage" duration-ms="848" started-at="2020-05-23T10:10:21Z" depends-on-methods="com.newtours.tests.BookFlightTest.registrationPage" finished-at="2020-05-23T10:10:21Z">
          <reporter-output>
          </reporter-output>
        </test-method> <!-- registrationConfirmationPage -->
        <test-method status="PASS" signature="flightDetailsPage()[pri:0, instance:com.newtours.tests.BookFlightTest@68c4039c]" name="flightDetailsPage" duration-ms="1016" started-at="2020-05-23T10:10:21Z" depends-on-methods="com.newtours.tests.BookFlightTest.registrationConfirmationPage" finished-at="2020-05-23T10:10:22Z">
          <reporter-output>
          </reporter-output>
        </test-method> <!-- flightDetailsPage -->
        <test-method status="PASS" signature="findFlightPage()[pri:0, instance:com.newtours.tests.BookFlightTest@68c4039c]" name="findFlightPage" duration-ms="2437" started-at="2020-05-23T10:10:22Z" depends-on-methods="com.newtours.tests.BookFlightTest.flightDetailsPage" finished-at="2020-05-23T10:10:25Z">
          <reporter-output>
          </reporter-output>
        </test-method> <!-- findFlightPage -->
        <test-method status="PASS" signature="flightConfirmationPage()[pri:0, instance:com.newtours.tests.BookFlightTest@68c4039c]" name="flightConfirmationPage" duration-ms="1088" started-at="2020-05-23T10:10:25Z" depends-on-methods="com.newtours.tests.BookFlightTest.findFlightPage" finished-at="2020-05-23T10:10:26Z">
          <reporter-output>
          </reporter-output>
        </test-method> <!-- flightConfirmationPage -->
        <test-method status="PASS" signature="quitDriver()[pri:0, instance:com.newtours.tests.BookFlightTest@68c4039c]" name="quitDriver" is-config="true" duration-ms="65" started-at="2020-05-23T10:10:26Z" finished-at="2020-05-23T10:10:26Z">
          <reporter-output>
          </reporter-output>
        </test-method> <!-- quitDriver -->
      </class> <!-- com.newtours.tests.BookFlightTest -->
    </test> <!-- book-flight-1 -->
    <test name="book-flight-2" duration-ms="12658" started-at="2020-05-23T10:10:26Z" finished-at="2020-05-23T10:10:39Z">
      <class name="com.newtours.tests.BookFlightTest">
        <test-method status="PASS" signature="setupDriver(org.testng.ITestContext)[pri:0, instance:com.newtours.tests.BookFlightTest@13deb50e]" name="setupDriver" is-config="true" duration-ms="1512" started-at="2020-05-23T10:10:26Z" finished-at="2020-05-23T10:10:28Z">
          <params>
            <param index="0">
              <value>
                <![CDATA[org.testng.TestRunner@2b27cc70]]>
              </value>
            </param>
          </params>
          <reporter-output>
          </reporter-output>
        </test-method> <!-- setupDriver -->
        <test-method status="PASS" signature="setupParameters(java.lang.String, java.lang.String)[pri:0, instance:com.newtours.tests.BookFlightTest@13deb50e]" name="setupParameters" is-config="true" duration-ms="0" started-at="2020-05-23T10:10:28Z" depends-on-methods="com.tests.BaseTest.setupDriver" finished-at="2020-05-23T10:10:28Z">
          <params>
            <param index="0">
              <value>
                <![CDATA[2]]>
              </value>
            </param>
            <param index="1">
              <value>
                <![CDATA[$1169 USD]]>
              </value>
            </param>
          </params>
          <reporter-output>
          </reporter-output>
        </test-method> <!-- setupParameters -->
        <test-method status="PASS" signature="registrationPage()[pri:0, instance:com.newtours.tests.BookFlightTest@13deb50e]" name="registrationPage" duration-ms="6175" started-at="2020-05-23T10:10:28Z" finished-at="2020-05-23T10:10:34Z">
          <reporter-output>
          </reporter-output>
        </test-method> <!-- registrationPage -->
        <test-method status="PASS" signature="registrationConfirmationPage()[pri:0, instance:com.newtours.tests.BookFlightTest@13deb50e]" name="registrationConfirmationPage" duration-ms="850" started-at="2020-05-23T10:10:34Z" depends-on-methods="com.newtours.tests.BookFlightTest.registrationPage" finished-at="2020-05-23T10:10:35Z">
          <reporter-output>
          </reporter-output>
        </test-method> <!-- registrationConfirmationPage -->
        <test-method status="PASS" signature="flightDetailsPage()[pri:0, instance:com.newtours.tests.BookFlightTest@13deb50e]" name="flightDetailsPage" duration-ms="857" started-at="2020-05-23T10:10:35Z" depends-on-methods="com.newtours.tests.BookFlightTest.registrationConfirmationPage" finished-at="2020-05-23T10:10:35Z">
          <reporter-output>
          </reporter-output>
        </test-method> <!-- flightDetailsPage -->
        <test-method status="PASS" signature="findFlightPage()[pri:0, instance:com.newtours.tests.BookFlightTest@13deb50e]" name="findFlightPage" duration-ms="2087" started-at="2020-05-23T10:10:35Z" depends-on-methods="com.newtours.tests.BookFlightTest.flightDetailsPage" finished-at="2020-05-23T10:10:37Z">
          <reporter-output>
          </reporter-output>
        </test-method> <!-- findFlightPage -->
        <test-method status="PASS" signature="flightConfirmationPage()[pri:0, instance:com.newtours.tests.BookFlightTest@13deb50e]" name="flightConfirmationPage" duration-ms="1109" started-at="2020-05-23T10:10:37Z" depends-on-methods="com.newtours.tests.BookFlightTest.findFlightPage" finished-at="2020-05-23T10:10:39Z">
          <reporter-output>
          </reporter-output>
        </test-method> <!-- flightConfirmationPage -->
        <test-method status="PASS" signature="quitDriver()[pri:0, instance:com.newtours.tests.BookFlightTest@13deb50e]" name="quitDriver" is-config="true" duration-ms="63" started-at="2020-05-23T10:10:39Z" finished-at="2020-05-23T10:10:39Z">
          <reporter-output>
          </reporter-output>
        </test-method> <!-- quitDriver -->
      </class> <!-- com.newtours.tests.BookFlightTest -->
    </test> <!-- book-flight-2 -->
    <test name="book-flight-3" duration-ms="17306" started-at="2020-05-23T10:10:39Z" finished-at="2020-05-23T10:10:56Z">
      <class name="com.newtours.tests.BookFlightTest">
        <test-method status="PASS" signature="setupDriver(org.testng.ITestContext)[pri:0, instance:com.newtours.tests.BookFlightTest@4f7d0008]" name="setupDriver" is-config="true" duration-ms="6884" started-at="2020-05-23T10:10:39Z" finished-at="2020-05-23T10:10:46Z">
          <params>
            <param index="0">
              <value>
                <![CDATA[org.testng.TestRunner@6f6a7463]]>
              </value>
            </param>
          </params>
          <reporter-output>
          </reporter-output>
        </test-method> <!-- setupDriver -->
        <test-method status="PASS" signature="registrationPage()[pri:0, instance:com.newtours.tests.BookFlightTest@4f7d0008]" name="registrationPage" duration-ms="3812" started-at="2020-05-23T10:10:46Z" finished-at="2020-05-23T10:10:49Z">
          <reporter-output>
          </reporter-output>
        </test-method> <!-- registrationPage -->
        <test-method status="PASS" signature="setupParameters(java.lang.String, java.lang.String)[pri:0, instance:com.newtours.tests.BookFlightTest@4f7d0008]" name="setupParameters" is-config="true" duration-ms="0" started-at="2020-05-23T10:10:46Z" depends-on-methods="com.tests.BaseTest.setupDriver" finished-at="2020-05-23T10:10:46Z">
          <params>
            <param index="0">
              <value>
                <![CDATA[3]]>
              </value>
            </param>
            <param index="1">
              <value>
                <![CDATA[$1753 USD]]>
              </value>
            </param>
          </params>
          <reporter-output>
          </reporter-output>
        </test-method> <!-- setupParameters -->
        <test-method status="PASS" signature="registrationConfirmationPage()[pri:0, instance:com.newtours.tests.BookFlightTest@4f7d0008]" name="registrationConfirmationPage" duration-ms="1554" started-at="2020-05-23T10:10:49Z" depends-on-methods="com.newtours.tests.BookFlightTest.registrationPage" finished-at="2020-05-23T10:10:51Z">
          <reporter-output>
          </reporter-output>
        </test-method> <!-- registrationConfirmationPage -->
        <test-method status="PASS" signature="flightDetailsPage()[pri:0, instance:com.newtours.tests.BookFlightTest@4f7d0008]" name="flightDetailsPage" duration-ms="1651" started-at="2020-05-23T10:10:51Z" depends-on-methods="com.newtours.tests.BookFlightTest.registrationConfirmationPage" finished-at="2020-05-23T10:10:53Z">
          <reporter-output>
          </reporter-output>
        </test-method> <!-- flightDetailsPage -->
        <test-method status="PASS" signature="findFlightPage()[pri:0, instance:com.newtours.tests.BookFlightTest@4f7d0008]" name="findFlightPage" duration-ms="2228" started-at="2020-05-23T10:10:53Z" depends-on-methods="com.newtours.tests.BookFlightTest.flightDetailsPage" finished-at="2020-05-23T10:10:55Z">
          <reporter-output>
          </reporter-output>
        </test-method> <!-- findFlightPage -->
        <test-method status="PASS" signature="flightConfirmationPage()[pri:0, instance:com.newtours.tests.BookFlightTest@4f7d0008]" name="flightConfirmationPage" duration-ms="1099" started-at="2020-05-23T10:10:55Z" depends-on-methods="com.newtours.tests.BookFlightTest.findFlightPage" finished-at="2020-05-23T10:10:56Z">
          <reporter-output>
          </reporter-output>
        </test-method> <!-- flightConfirmationPage -->
        <test-method status="PASS" signature="quitDriver()[pri:0, instance:com.newtours.tests.BookFlightTest@4f7d0008]" name="quitDriver" is-config="true" duration-ms="69" started-at="2020-05-23T10:10:56Z" finished-at="2020-05-23T10:10:56Z">
          <reporter-output>
          </reporter-output>
        </test-method> <!-- quitDriver -->
      </class> <!-- com.newtours.tests.BookFlightTest -->
    </test> <!-- book-flight-3 -->
    <test name="book-flight-4" duration-ms="11045" started-at="2020-05-23T10:10:56Z" finished-at="2020-05-23T10:11:07Z">
      <class name="com.newtours.tests.BookFlightTest">
        <test-method status="PASS" signature="setupDriver(org.testng.ITestContext)[pri:0, instance:com.newtours.tests.BookFlightTest@73ad2d6]" name="setupDriver" is-config="true" duration-ms="1129" started-at="2020-05-23T10:10:56Z" finished-at="2020-05-23T10:10:57Z">
          <params>
            <param index="0">
              <value>
                <![CDATA[org.testng.TestRunner@1bdaa23d]]>
              </value>
            </param>
          </params>
          <reporter-output>
          </reporter-output>
        </test-method> <!-- setupDriver -->
        <test-method status="PASS" signature="setupParameters(java.lang.String, java.lang.String)[pri:0, instance:com.newtours.tests.BookFlightTest@73ad2d6]" name="setupParameters" is-config="true" duration-ms="0" started-at="2020-05-23T10:10:57Z" depends-on-methods="com.tests.BaseTest.setupDriver" finished-at="2020-05-23T10:10:57Z">
          <params>
            <param index="0">
              <value>
                <![CDATA[4]]>
              </value>
            </param>
            <param index="1">
              <value>
                <![CDATA[$2338 USD]]>
              </value>
            </param>
          </params>
          <reporter-output>
          </reporter-output>
        </test-method> <!-- setupParameters -->
        <test-method status="PASS" signature="registrationPage()[pri:0, instance:com.newtours.tests.BookFlightTest@73ad2d6]" name="registrationPage" duration-ms="3633" started-at="2020-05-23T10:10:57Z" finished-at="2020-05-23T10:11:01Z">
          <reporter-output>
          </reporter-output>
        </test-method> <!-- registrationPage -->
        <test-method status="PASS" signature="registrationConfirmationPage()[pri:0, instance:com.newtours.tests.BookFlightTest@73ad2d6]" name="registrationConfirmationPage" duration-ms="1297" started-at="2020-05-23T10:11:01Z" depends-on-methods="com.newtours.tests.BookFlightTest.registrationPage" finished-at="2020-05-23T10:11:02Z">
          <reporter-output>
          </reporter-output>
        </test-method> <!-- registrationConfirmationPage -->
        <test-method status="PASS" signature="flightDetailsPage()[pri:0, instance:com.newtours.tests.BookFlightTest@73ad2d6]" name="flightDetailsPage" duration-ms="1878" started-at="2020-05-23T10:11:02Z" depends-on-methods="com.newtours.tests.BookFlightTest.registrationConfirmationPage" finished-at="2020-05-23T10:11:04Z">
          <reporter-output>
          </reporter-output>
        </test-method> <!-- flightDetailsPage -->
        <test-method status="PASS" signature="findFlightPage()[pri:0, instance:com.newtours.tests.BookFlightTest@73ad2d6]" name="findFlightPage" duration-ms="2055" started-at="2020-05-23T10:11:04Z" depends-on-methods="com.newtours.tests.BookFlightTest.flightDetailsPage" finished-at="2020-05-23T10:11:06Z">
          <reporter-output>
          </reporter-output>
        </test-method> <!-- findFlightPage -->
        <test-method status="PASS" signature="flightConfirmationPage()[pri:0, instance:com.newtours.tests.BookFlightTest@73ad2d6]" name="flightConfirmationPage" duration-ms="985" started-at="2020-05-23T10:11:06Z" depends-on-methods="com.newtours.tests.BookFlightTest.findFlightPage" finished-at="2020-05-23T10:11:07Z">
          <reporter-output>
          </reporter-output>
        </test-method> <!-- flightConfirmationPage -->
        <test-method status="PASS" signature="quitDriver()[pri:0, instance:com.newtours.tests.BookFlightTest@73ad2d6]" name="quitDriver" is-config="true" duration-ms="64" started-at="2020-05-23T10:11:07Z" finished-at="2020-05-23T10:11:07Z">
          <reporter-output>
          </reporter-output>
        </test-method> <!-- quitDriver -->
      </class> <!-- com.newtours.tests.BookFlightTest -->
    </test> <!-- book-flight-4 -->
  </suite> <!-- book-flight-module -->
</testng-results>
