<?xml version="1.0" encoding="UTF-8"?>
<!-- Generated by org.testng.reporters.JUnitXMLReporter -->
<testsuite hostname="ShiluMukund" ignored="0" name="book-flight-1" tests="5" failures="0" timestamp="23 May 2020 10:10:26 GMT" time="11.899" errors="0">
  <testcase name="registrationPage" time="3.367" classname="com.newtours.tests.BookFlightTest"/>
  <testcase name="registrationConfirmationPage" time="0.848" classname="com.newtours.tests.BookFlightTest"/>
  <testcase name="flightDetailsPage" time="1.016" classname="com.newtours.tests.BookFlightTest"/>
  <testcase name="findFlightPage" time="2.437" classname="com.newtours.tests.BookFlightTest"/>
  <testcase name="flightConfirmationPage" time="1.088" classname="com.newtours.tests.BookFlightTest"/>
</testsuite> <!-- book-flight-1 -->
