<?xml version="1.0" encoding="UTF-8"?>
<!-- Generated by org.testng.reporters.JUnitXMLReporter -->
<testsuite hostname="ShiluMukund" ignored="0" name="book-flight-4" tests="5" failures="0" timestamp="23 May 2020 10:11:07 GMT" time="11.045" errors="0">
  <testcase name="registrationPage" time="3.633" classname="com.newtours.tests.BookFlightTest"/>
  <testcase name="registrationConfirmationPage" time="1.297" classname="com.newtours.tests.BookFlightTest"/>
  <testcase name="flightDetailsPage" time="1.878" classname="com.newtours.tests.BookFlightTest"/>
  <testcase name="findFlightPage" time="2.055" classname="com.newtours.tests.BookFlightTest"/>
  <testcase name="flightConfirmationPage" time="0.985" classname="com.newtours.tests.BookFlightTest"/>
</testsuite> <!-- book-flight-4 -->
