<?xml version="1.0" encoding="UTF-8"?>
<!-- Generated by org.testng.reporters.JUnitXMLReporter -->
<testsuite hostname="ShiluMukund" ignored="0" name="book-flight-2" tests="5" failures="0" timestamp="23 May 2020 10:10:39 GMT" time="12.658" errors="0">
  <testcase name="registrationPage" time="6.175" classname="com.newtours.tests.BookFlightTest"/>
  <testcase name="registrationConfirmationPage" time="0.85" classname="com.newtours.tests.BookFlightTest"/>
  <testcase name="flightDetailsPage" time="0.857" classname="com.newtours.tests.BookFlightTest"/>
  <testcase name="findFlightPage" time="2.087" classname="com.newtours.tests.BookFlightTest"/>
  <testcase name="flightConfirmationPage" time="1.109" classname="com.newtours.tests.BookFlightTest"/>
</testsuite> <!-- book-flight-2 -->
